[debug] [2026-05-21T09:33:36.921Z] ----------------------------------------------------------------------
[debug] [2026-05-21T09:33:36.926Z] Command:       C:\nvm4w\nodejs\node.exe C:\nvm4w\nodejs\node_modules\firebase-tools\lib\bin\firebase.js init
[debug] [2026-05-21T09:33:36.927Z] CLI Version:   15.15.0
[debug] [2026-05-21T09:33:36.927Z] Platform:      win32
[debug] [2026-05-21T09:33:36.927Z] Node Version:  v20.19.0
[debug] [2026-05-21T09:33:36.928Z] Time:          Thu May 21 2026 15:03:36 GMT+0530 (India Standard Time)
[debug] [2026-05-21T09:33:36.928Z] ----------------------------------------------------------------------
[debug] 
[info] 
     ######## #### ########  ######## ########     ###     ######  ########
     ##        ##  ##     ## ##       ##     ##  ##   ##  ##       ##
     ######    ##  ########  ######   ########  #########  ######  ######
     ##        ##  ##    ##  ##       ##     ## ##     ##       ## ##
     ##       #### ##     ## ######## ########  ##     ##  ######  ########

You're about to initialize a Firebase project in this directory:

  D:\Codings\Projects - Lumora\PulseMaint\pulsemaint-landing-page

[debug] [2026-05-21T09:34:31.727Z] ExitPromptError: User force closed the prompt with SIGINT
    at Interface.sigint (C:\Users\Maduranga\AppData\Local\nvm\v20.19.0\node_modules\firebase-tools\node_modules\@inquirer\core\dist\commonjs\lib\create-prompt.js:101:37)
    at Interface.emit (node:events:524:28)
    at [_ttyWrite] [as _ttyWrite] (node:internal/readline/interface:1125:18)
    at ReadStream.onkeypress (node:internal/readline/interface:264:20)
    at ReadStream.emit (node:events:536:35)
    at emitKeys (node:internal/readline/utils:371:14)
    at emitKeys.next (<anonymous>)
    at ReadStream.onData (node:internal/readline/emitKeypressEvents:64:36)
    at ReadStream.emit (node:events:524:28)
    at addChunk (node:internal/streams/readable:561:12)
[error] 
[error] Error: An unexpected error has occurred.
